<?xml version="1.0" encoding="UTF-8"?>
<!-- Generated by org.testng.reporters.JUnitReportReporter -->
<testsuite hostname="CPDK149" failures="0" tests="1" name="com.test.SeleniumTestProject.TestRegistrationPage" time="13.913" errors="0" timestamp="2024-07-10T13:05:17 IST" skipped="0">
  <testcase classname="com.test.SeleniumTestProject.TestRegistrationPage" name="TestRegistraion" time="13.913"/>
</testsuite> <!-- com.test.SeleniumTestProject.TestRegistrationPage -->
