<?xml version="1.0" encoding="UTF-8"?>
<!-- Generated by org.testng.reporters.JUnitReportReporter -->
<testsuite hostname="CPDK149" failures="0" tests="1" name="com.ApiTesting.PutPatchandDelete" time="2.691" errors="0" timestamp="2024-07-05T15:25:59 IST" skipped="0">
  <testcase classname="com.ApiTesting.PutPatchandDelete" name="DeleteRequest" time="2.691"/>
</testsuite> <!-- com.ApiTesting.PutPatchandDelete -->
