<?xml version="1.0" encoding="UTF-8"?>
<!-- Generated by org.testng.reporters.JUnitReportReporter -->
<testsuite hostname="CPDK149" failures="0" tests="1" name="com.ApiTesting.TestGetAndPostRequest" time="4.059" errors="0" timestamp="2024-07-05T14:41:33 IST" skipped="0">
  <testcase classname="com.ApiTesting.TestGetAndPostRequest" name="PostRequest" time="4.059"/>
</testsuite> <!-- com.ApiTesting.TestGetAndPostRequest -->
