<?xml version="1.0" encoding="UTF-8"?>
<!-- Generated by org.testng.reporters.JUnitReportReporter -->
<testsuite hostname="CPDK149" failures="0" tests="1" name="com.ApiTesting.FirstTest" time="3.285" errors="0" timestamp="2024-07-05T12:24:24 IST" skipped="0">
  <testcase classname="com.ApiTesting.FirstTest" name="GetApiTest2" time="3.285"/>
</testsuite> <!-- com.ApiTesting.FirstTest -->
